# JRE version: OpenJDK Runtime Environment (7.0_65-b32) (build 1.7.0_65-b32)
# Java VM: OpenJDK 64-Bit Server VM (24.65-b04 mixed mode linux-amd64 compressed oops)
Heap
 PSYoungGen      total 67072K, used 6134K [0x00000000ec100000, 0x00000000f0900000, 0x0000000100000000)
  eden space 60928K, 0% used [0x00000000ec100000,0x00000000ec100000,0x00000000efc80000)
  from space 6144K, 99% used [0x00000000efc80000,0x00000000f027d800,0x00000000f0280000)
  to   space 5632K, 0% used [0x00000000f0280000,0x00000000f0280000,0x00000000f0800000)
 ParOldGen       total 40448K, used 10598K [0x00000000c4400000, 0x00000000c6b80000, 0x00000000ec100000)
  object space 40448K, 26% used [0x00000000c4400000,0x00000000c4e59930,0x00000000c6b80000)
 PSPermGen       total 28672K, used 28457K [0x00000000b9e00000, 0x00000000bba00000, 0x00000000c4400000)
  object space 28672K, 99% used [0x00000000b9e00000,0x00000000bb9ca5f8,0x00000000bba00000)
GC Heap History (10 events):
Event: 6.602 GC heap after
Heap after GC invocations=4 (full 0):
 PSYoungGen      total 17920K, used 2531K [0x00000000ec100000, 0x00000000ed500000, 0x0000000100000000)
  eden space 15360K, 0% used [0x00000000ec100000,0x00000000ec100000,0x00000000ed000000)
  from space 2560K, 98% used [0x00000000ed280000,0x00000000ed4f8fb0,0x00000000ed500000)
  to   space 2560K, 0% used [0x00000000ed000000,0x00000000ed000000,0x00000000ed280000)
 ParOldGen       total 40448K, used 2743K [0x00000000c4400000, 0x00000000c6b80000, 0x00000000ec100000)
  object space 40448K, 6% used [0x00000000c4400000,0x00000000c46adf08,0x00000000c6b80000)
 PSPermGen       total 21504K, used 13164K [0x00000000b9e00000, 0x00000000bb300000, 0x00000000c4400000)
  object space 21504K, 61% used [0x00000000b9e00000,0x00000000baadb1f0,0x00000000bb300000)
}
Event: 6.675 GC heap before
{Heap before GC invocations=5 (full 0):
 PSYoungGen      total 17920K, used 17849K [0x00000000ec100000, 0x00000000ed500000, 0x0000000100000000)
  eden space 15360K, 99% used [0x00000000ec100000,0x00000000ecff56d8,0x00000000ed000000)
  from space 2560K, 98% used [0x00000000ed280000,0x00000000ed4f8fb0,0x00000000ed500000)
  to   space 2560K, 0% used [0x00000000ed000000,0x00000000ed000000,0x00000000ed280000)
 ParOldGen       total 40448K, used 2743K [0x00000000c4400000, 0x00000000c6b80000, 0x00000000ec100000)
  object space 40448K, 6% used [0x00000000c4400000,0x00000000c46adf08,0x00000000c6b80000)
 PSPermGen       total 21504K, used 13192K [0x00000000b9e00000, 0x00000000bb300000, 0x00000000c4400000)
  object space 21504K, 61% used [0x00000000b9e00000,0x00000000baae2330,0x00000000bb300000)
Event: 6.685 GC heap after
Heap after GC invocations=5 (full 0):
 PSYoungGen      total 17920K, used 2547K [0x00000000ec100000, 0x00000000ee700000, 0x0000000100000000)
  eden space 15360K, 0% used [0x00000000ec100000,0x00000000ec100000,0x00000000ed000000)
  from space 2560K, 99% used [0x00000000ed000000,0x00000000ed27cce0,0x00000000ed280000)
  to   space 4096K, 0% used [0x00000000ee300000,0x00000000ee300000,0x00000000ee700000)
 ParOldGen       total 40448K, used 2981K [0x00000000c4400000, 0x00000000c6b80000, 0x00000000ec100000)
  object space 40448K, 7% used [0x00000000c4400000,0x00000000c46e9588,0x00000000c6b80000)
 PSPermGen       total 21504K, used 13192K [0x00000000b9e00000, 0x00000000bb300000, 0x00000000c4400000)
  object space 21504K, 61% used [0x00000000b9e00000,0x00000000baae2330,0x00000000bb300000)
}
Event: 7.164 GC heap before
{Heap before GC invocations=6 (full 0):
 PSYoungGen      total 17920K, used 17907K [0x00000000ec100000, 0x00000000ee700000, 0x0000000100000000)
  eden space 15360K, 100% used [0x00000000ec100000,0x00000000ed000000,0x00000000ed000000)
  from space 2560K, 99% used [0x00000000ed000000,0x00000000ed27cce0,0x00000000ed280000)
  to   space 4096K, 0% used [0x00000000ee300000,0x00000000ee300000,0x00000000ee700000)
 ParOldGen       total 40448K, used 2981K [0x00000000c4400000, 0x00000000c6b80000, 0x00000000ec100000)
  object space 40448K, 7% used [0x00000000c4400000,0x00000000c46e9588,0x00000000c6b80000)
 PSPermGen       total 21504K, used 14424K [0x00000000b9e00000, 0x00000000bb300000, 0x00000000c4400000)
  object space 21504K, 67% used [0x00000000b9e00000,0x00000000bac161d8,0x00000000bb300000)
Event: 7.180 GC heap after
Heap after GC invocations=6 (full 0):
 PSYoungGen      total 34816K, used 3330K [0x00000000ec100000, 0x00000000ee700000, 0x0000000100000000)
  eden space 30720K, 0% used [0x00000000ec100000,0x00000000ec100000,0x00000000edf00000)
  from space 4096K, 81% used [0x00000000ee300000,0x00000000ee640a48,0x00000000ee700000)
  to   space 4096K, 0% used [0x00000000edf00000,0x00000000edf00000,0x00000000ee300000)
 ParOldGen       total 40448K, used 2981K [0x00000000c4400000, 0x00000000c6b80000, 0x00000000ec100000)
  object space 40448K, 7% used [0x00000000c4400000,0x00000000c46e9588,0x00000000c6b80000)
 PSPermGen       total 21504K, used 14424K [0x00000000b9e00000, 0x00000000bb300000, 0x00000000c4400000)
  object space 21504K, 67% used [0x00000000b9e00000,0x00000000bac161d8,0x00000000bb300000)
}
Event: 9.602 GC heap before
{Heap before GC invocations=7 (full 0):
 PSYoungGen      total 34816K, used 34050K [0x00000000ec100000, 0x00000000ee700000, 0x0000000100000000)
  eden space 30720K, 100% used [0x00000000ec100000,0x00000000edf00000,0x00000000edf00000)
  from space 4096K, 81% used [0x00000000ee300000,0x00000000ee640a48,0x00000000ee700000)
  to   space 4096K, 0% used [0x00000000edf00000,0x00000000edf00000,0x00000000ee300000)
 ParOldGen       total 40448K, used 2981K [0x00000000c4400000, 0x00000000c6b80000, 0x00000000ec100000)
  object space 40448K, 7% used [0x00000000c4400000,0x00000000c46e9588,0x00000000c6b80000)
 PSPermGen       total 21504K, used 19425K [0x00000000b9e00000, 0x00000000bb300000, 0x00000000c4400000)
  object space 21504K, 90% used [0x00000000b9e00000,0x00000000bb0f86a8,0x00000000bb300000)
Event: 9.620 GC heap after
Heap after GC invocations=7 (full 0):
 PSYoungGen      total 34816K, used 4087K [0x00000000ec100000, 0x00000000f0800000, 0x0000000100000000)
  eden space 30720K, 0% used [0x00000000ec100000,0x00000000ec100000,0x00000000edf00000)
  from space 4096K, 99% used [0x00000000edf00000,0x00000000ee2fdf28,0x00000000ee300000)
  to   space 5632K, 0% used [0x00000000f0280000,0x00000000f0280000,0x00000000f0800000)
 ParOldGen       total 40448K, used 5407K [0x00000000c4400000, 0x00000000c6b80000, 0x00000000ec100000)
  object space 40448K, 13% used [0x00000000c4400000,0x00000000c4947e50,0x00000000c6b80000)
 PSPermGen       total 21504K, used 19425K [0x00000000b9e00000, 0x00000000bb300000, 0x00000000c4400000)
  object space 21504K, 90% used [0x00000000b9e00000,0x00000000bb0f86a8,0x00000000bb300000)
}
Event: 10.808 GC heap before
{Heap before GC invocations=8 (full 0):
 PSYoungGen      total 34816K, used 34807K [0x00000000ec100000, 0x00000000f0800000, 0x0000000100000000)
  eden space 30720K, 100% used [0x00000000ec100000,0x00000000edf00000,0x00000000edf00000)
  from space 4096K, 99% used [0x00000000edf00000,0x00000000ee2fdf28,0x00000000ee300000)
  to   space 5632K, 0% used [0x00000000f0280000,0x00000000f0280000,0x00000000f0800000)
 ParOldGen       total 40448K, used 5407K [0x00000000c4400000, 0x00000000c6b80000, 0x00000000ec100000)
  object space 40448K, 13% used [0x00000000c4400000,0x00000000c4947e50,0x00000000c6b80000)
 PSPermGen       total 22528K, used 22390K [0x00000000b9e00000, 0x00000000bb400000, 0x00000000c4400000)
  object space 22528K, 99% used [0x00000000b9e00000,0x00000000bb3ddbc8,0x00000000bb400000)
Event: 10.822 GC heap after
Heap after GC invocations=8 (full 0):
 PSYoungGen      total 66560K, used 4605K [0x00000000ec100000, 0x00000000f0900000, 0x0000000100000000)
  eden space 60928K, 0% used [0x00000000ec100000,0x00000000ec100000,0x00000000efc80000)
  from space 5632K, 81% used [0x00000000f0280000,0x00000000f06ff468,0x00000000f0800000)
  to   space 6144K, 0% used [0x00000000efc80000,0x00000000efc80000,0x00000000f0280000)
 ParOldGen       total 40448K, used 6282K [0x00000000c4400000, 0x00000000c6b80000, 0x00000000ec100000)
  object space 40448K, 15% used [0x00000000c4400000,0x00000000c4a22a98,0x00000000c6b80000)
 PSPermGen       total 22528K, used 22390K [0x00000000b9e00000, 0x00000000bb400000, 0x00000000c4400000)
  object space 22528K, 99% used [0x00000000b9e00000,0x00000000bb3ddbc8,0x00000000bb400000)
}
Event: 23.481 GC heap before
{Heap before GC invocations=9 (full 0):
 PSYoungGen      total 66560K, used 65533K [0x00000000ec100000, 0x00000000f0900000, 0x0000000100000000)
  eden space 60928K, 100% used [0x00000000ec100000,0x00000000efc80000,0x00000000efc80000)
  from space 5632K, 81% used [0x00000000f0280000,0x00000000f06ff468,0x00000000f0800000)
  to   space 6144K, 0% used [0x00000000efc80000,0x00000000efc80000,0x00000000f0280000)
 ParOldGen       total 40448K, used 6282K [0x00000000c4400000, 0x00000000c6b80000, 0x00000000ec100000)
  object space 40448K, 15% used [0x00000000c4400000,0x00000000c4a22a98,0x00000000c6b80000)
 PSPermGen       total 28672K, used 28457K [0x00000000b9e00000, 0x00000000bba00000, 0x00000000c4400000)
  object space 28672K, 99% used [0x00000000b9e00000,0x00000000bb9ca5f8,0x00000000bba00000)

